<?xml version="1.0" encoding="UTF-8"?>
<!-- Generated by org.testng.reporters.JUnitReportReporter -->
<testsuite hostname="FFE-Mohammed-Saqeb-FFE129" failures="0" tests="1" name="test1.C1" time="7.025" errors="0" timestamp="2024-07-15T18:42:34 IST" skipped="0">
  <testcase classname="test1.C1" name="test" time="7.025"/>
  <system-out/>
</testsuite> <!-- test1.C1 -->
